Connecting to host 10.54.192.7, port 5201
[  5] local 10.44.64.6 port 48838 connected to 10.54.192.7 port 5201
[ ID] Interval           Transfer     Bitrate         Retr  Cwnd
[  5]   0.00-1.00   sec   248 KBytes  2.03 Mbits/sec    0   5.62 KBytes       
[  5]   1.00-2.00   sec   264 KBytes  2.17 Mbits/sec    0   5.62 KBytes       
[  5]   2.00-3.00   sec   280 KBytes  2.30 Mbits/sec    0   5.62 KBytes       
[  5]   3.00-4.00   sec   281 KBytes  2.30 Mbits/sec    0   5.62 KBytes       
[  5]   4.00-5.00   sec   273 KBytes  2.23 Mbits/sec    0   5.62 KBytes       
[  5]   5.00-6.00   sec   256 KBytes  2.10 Mbits/sec    0   5.62 KBytes       
[  5]   6.00-7.00   sec   264 KBytes  2.16 Mbits/sec    0   5.62 KBytes       
[  5]   7.00-8.00   sec   260 KBytes  2.13 Mbits/sec    0   5.62 KBytes       
[  5]   8.00-9.00   sec   264 KBytes  2.16 Mbits/sec    0   5.62 KBytes       
[  5]   9.00-10.00  sec   278 KBytes  2.28 Mbits/sec    0   5.62 KBytes       
[  5]  10.00-11.00  sec   287 KBytes  2.36 Mbits/sec    0   5.62 KBytes       
[  5]  11.00-12.00  sec   281 KBytes  2.30 Mbits/sec    0   5.62 KBytes       
[  5]  12.00-13.00  sec   278 KBytes  2.28 Mbits/sec    0   5.62 KBytes       
[  5]  13.00-14.00  sec   290 KBytes  2.37 Mbits/sec    0   5.62 KBytes       
[  5]  14.00-15.00  sec   291 KBytes  2.38 Mbits/sec    0   5.62 KBytes       
[  5]  15.00-16.00  sec   296 KBytes  2.42 Mbits/sec    0   5.62 KBytes       
[  5]  16.00-17.00  sec   272 KBytes  2.23 Mbits/sec    0   5.62 KBytes       
[  5]  17.00-18.00  sec   280 KBytes  2.29 Mbits/sec    0   5.62 KBytes       
[  5]  18.00-19.00  sec   283 KBytes  2.32 Mbits/sec    0   5.62 KBytes       
[  5]  19.00-20.00  sec   296 KBytes  2.43 Mbits/sec    0   5.62 KBytes       
[  5]  20.00-21.00  sec   296 KBytes  2.42 Mbits/sec    0   5.62 KBytes       
[  5]  21.00-22.00  sec   281 KBytes  2.30 Mbits/sec    0   5.62 KBytes       
[  5]  22.00-23.00  sec   284 KBytes  2.33 Mbits/sec    0   5.62 KBytes       
[  5]  23.00-24.00  sec   289 KBytes  2.37 Mbits/sec    0   5.62 KBytes       
[  5]  24.00-25.00  sec   281 KBytes  2.30 Mbits/sec    0   5.62 KBytes       
[  5]  25.00-26.00  sec   283 KBytes  2.32 Mbits/sec    0   5.62 KBytes       
[  5]  26.00-27.00  sec   290 KBytes  2.37 Mbits/sec    0   5.62 KBytes       
[  5]  27.00-28.00  sec   286 KBytes  2.34 Mbits/sec    0   5.62 KBytes       
[  5]  28.00-29.00  sec   285 KBytes  2.33 Mbits/sec    0   5.62 KBytes       
[  5]  29.00-30.00  sec   297 KBytes  2.43 Mbits/sec    0   5.62 KBytes       
[  5]  30.00-31.00  sec   289 KBytes  2.37 Mbits/sec    0   5.62 KBytes       
[  5]  31.00-32.00  sec   287 KBytes  2.35 Mbits/sec    0   5.62 KBytes       
[  5]  32.00-33.00  sec   285 KBytes  2.34 Mbits/sec    0   5.62 KBytes       
[  5]  33.00-34.00  sec   284 KBytes  2.32 Mbits/sec    0   5.62 KBytes       
[  5]  34.00-35.00  sec   304 KBytes  2.49 Mbits/sec    0   5.62 KBytes       
[  5]  35.00-36.00  sec   283 KBytes  2.32 Mbits/sec    0   5.62 KBytes       
[  5]  36.00-37.00  sec   280 KBytes  2.29 Mbits/sec    0   5.62 KBytes       
[  5]  37.00-38.00  sec   280 KBytes  2.29 Mbits/sec    0   5.62 KBytes       
[  5]  38.00-39.00  sec   290 KBytes  2.38 Mbits/sec    0   5.62 KBytes       
[  5]  39.00-40.00  sec   296 KBytes  2.42 Mbits/sec    0   5.62 KBytes       
[  5]  40.00-41.00  sec   286 KBytes  2.34 Mbits/sec    0   5.62 KBytes       
[  5]  41.00-42.00  sec   271 KBytes  2.22 Mbits/sec    0   5.62 KBytes       
[  5]  42.00-43.00  sec   258 KBytes  2.11 Mbits/sec    0   5.62 KBytes       
[  5]  43.00-44.00  sec   285 KBytes  2.33 Mbits/sec    0   5.62 KBytes       
[  5]  44.00-45.00  sec   284 KBytes  2.32 Mbits/sec    0   5.62 KBytes       
[  5]  45.00-46.00  sec   293 KBytes  2.40 Mbits/sec    0   5.62 KBytes       
[  5]  46.00-47.00  sec   294 KBytes  2.41 Mbits/sec    0   5.62 KBytes       
[  5]  47.00-48.00  sec   283 KBytes  2.32 Mbits/sec    0   5.62 KBytes       
[  5]  48.00-49.00  sec   299 KBytes  2.45 Mbits/sec    0   5.62 KBytes       
[  5]  49.00-50.00  sec   294 KBytes  2.41 Mbits/sec    0   5.62 KBytes       
[  5]  50.00-51.00  sec   291 KBytes  2.39 Mbits/sec    0   5.62 KBytes       
[  5]  51.00-52.00  sec   290 KBytes  2.37 Mbits/sec    0   5.62 KBytes       
[  5]  52.00-53.00  sec   300 KBytes  2.46 Mbits/sec    0   5.62 KBytes       
[  5]  53.00-54.00  sec   283 KBytes  2.32 Mbits/sec    0   5.62 KBytes       
[  5]  54.00-55.00  sec   264 KBytes  2.16 Mbits/sec    0   5.62 KBytes       
[  5]  55.00-56.00  sec   267 KBytes  2.19 Mbits/sec    0   5.62 KBytes       
[  5]  56.00-57.00  sec   268 KBytes  2.19 Mbits/sec    0   5.62 KBytes       
[  5]  57.00-58.00  sec   278 KBytes  2.28 Mbits/sec    0   5.62 KBytes       
[  5]  58.00-59.00  sec   278 KBytes  2.28 Mbits/sec    0   5.62 KBytes       
[  5]  59.00-60.00  sec   262 KBytes  2.14 Mbits/sec    0   5.62 KBytes       
- - - - - - - - - - - - - - - - - - - - - - - - -
[ ID] Interval           Transfer     Bitrate         Retr
[  5]   0.00-60.00  sec  16.5 MBytes  2.31 Mbits/sec    0             sender
[  5]   0.00-60.04  sec  16.5 MBytes  2.31 Mbits/sec                  receiver

iperf Done.
