Connecting to host 10.54.192.7, port 5201
[  5] local 10.44.64.6 port 49046 connected to 10.54.192.7 port 5201
[ ID] Interval           Transfer     Bitrate         Retr  Cwnd
[  5]   0.00-1.00   sec  1.61 MBytes  13.5 Mbits/sec    0   15.5 KBytes       
[  5]   1.00-2.00   sec  1.01 MBytes  8.45 Mbits/sec    0   15.5 KBytes       
[  5]   2.00-3.00   sec   993 KBytes  8.13 Mbits/sec    0   15.5 KBytes       
[  5]   3.00-4.00   sec  1.01 MBytes  8.47 Mbits/sec    0   15.5 KBytes       
[  5]   4.00-5.00   sec  1006 KBytes  8.24 Mbits/sec    0   15.5 KBytes       
[  5]   5.00-6.00   sec  1.05 MBytes  8.77 Mbits/sec    0   15.5 KBytes       
[  5]   6.00-7.00   sec  1.06 MBytes  8.87 Mbits/sec    0   15.5 KBytes       
[  5]   7.00-8.00   sec  1.05 MBytes  8.84 Mbits/sec    0   15.5 KBytes       
[  5]   8.00-9.00   sec  1.04 MBytes  8.69 Mbits/sec    0   15.5 KBytes       
[  5]   9.00-10.00  sec  1.06 MBytes  8.89 Mbits/sec    0   15.5 KBytes       
[  5]  10.00-11.00  sec  1.05 MBytes  8.80 Mbits/sec    0   15.5 KBytes       
[  5]  11.00-12.00  sec  1.04 MBytes  8.76 Mbits/sec    0   15.5 KBytes       
[  5]  12.00-13.00  sec  1.06 MBytes  8.89 Mbits/sec    0   15.5 KBytes       
[  5]  13.00-14.00  sec   970 KBytes  7.94 Mbits/sec    0   15.5 KBytes       
[  5]  14.00-15.00  sec  1.05 MBytes  8.84 Mbits/sec    0   15.5 KBytes       
[  5]  15.00-16.00  sec  1006 KBytes  8.24 Mbits/sec    0   15.5 KBytes       
[  5]  16.00-17.00  sec  1007 KBytes  8.25 Mbits/sec    0   15.5 KBytes       
[  5]  17.00-18.00  sec  1.03 MBytes  8.64 Mbits/sec    0   15.5 KBytes       
[  5]  18.00-19.00  sec  1010 KBytes  8.27 Mbits/sec    0   15.5 KBytes       
[  5]  19.00-20.00  sec  1009 KBytes  8.26 Mbits/sec    0   15.5 KBytes       
[  5]  20.00-21.00  sec  1.00 MBytes  8.41 Mbits/sec    0   15.5 KBytes       
[  5]  21.00-22.00  sec  1007 KBytes  8.25 Mbits/sec    0   15.5 KBytes       
[  5]  22.00-23.00  sec  1.03 MBytes  8.61 Mbits/sec    2   15.5 KBytes       
[  5]  23.00-24.00  sec  1016 KBytes  8.32 Mbits/sec    0   15.5 KBytes       
[  5]  24.00-25.00  sec  1.03 MBytes  8.68 Mbits/sec    0   15.5 KBytes       
[  5]  25.00-26.00  sec   847 KBytes  6.94 Mbits/sec    0   15.5 KBytes       
[  5]  26.00-27.00  sec   970 KBytes  7.94 Mbits/sec    0   15.5 KBytes       
[  5]  27.00-28.00  sec  1.06 MBytes  8.88 Mbits/sec    0   15.5 KBytes       
[  5]  28.00-29.00  sec  1.03 MBytes  8.65 Mbits/sec    0   15.5 KBytes       
[  5]  29.00-30.00  sec  1.05 MBytes  8.82 Mbits/sec    0   15.5 KBytes       
[  5]  30.00-31.00  sec  1.06 MBytes  8.91 Mbits/sec    0   15.5 KBytes       
[  5]  31.00-32.00  sec  1.03 MBytes  8.63 Mbits/sec    0   15.5 KBytes       
[  5]  32.00-33.00  sec   822 KBytes  6.73 Mbits/sec    0   15.5 KBytes       
[  5]  33.00-34.00  sec   450 KBytes  3.68 Mbits/sec    0   15.5 KBytes       
[  5]  34.00-35.00  sec   945 KBytes  7.77 Mbits/sec    0   15.5 KBytes       
[  5]  35.00-36.00  sec  1.06 MBytes  8.85 Mbits/sec    0   15.5 KBytes       
[  5]  36.00-37.00  sec  1.05 MBytes  8.81 Mbits/sec    0   15.5 KBytes       
[  5]  37.00-38.00  sec  1.04 MBytes  8.76 Mbits/sec    0   15.5 KBytes       
[  5]  38.00-39.00  sec  1.05 MBytes  8.84 Mbits/sec    0   15.5 KBytes       
[  5]  39.00-40.00  sec  1007 KBytes  8.26 Mbits/sec    0   15.5 KBytes       
[  5]  40.00-41.00  sec  1.03 MBytes  8.64 Mbits/sec    0   15.5 KBytes       
[  5]  41.00-42.00  sec  1.04 MBytes  8.74 Mbits/sec    0   15.5 KBytes       
[  5]  42.00-43.00  sec  1.02 MBytes  8.57 Mbits/sec    0   15.5 KBytes       
[  5]  43.00-44.00  sec  1.02 MBytes  8.52 Mbits/sec    0   15.5 KBytes       
[  5]  44.00-45.00  sec  1011 KBytes  8.28 Mbits/sec    0   15.5 KBytes       
[  5]  45.00-46.00  sec  1.00 MBytes  8.42 Mbits/sec    0   15.5 KBytes       
[  5]  46.00-47.00  sec  1.02 MBytes  8.54 Mbits/sec    0   15.5 KBytes       
[  5]  47.00-48.00  sec  1.03 MBytes  8.67 Mbits/sec    0   15.5 KBytes       
[  5]  48.00-49.00  sec  1.04 MBytes  8.73 Mbits/sec    0   15.5 KBytes       
[  5]  49.00-50.00  sec  1.04 MBytes  8.70 Mbits/sec    0   15.5 KBytes       
[  5]  50.00-51.00  sec  1.03 MBytes  8.62 Mbits/sec    0   15.5 KBytes       
[  5]  51.00-52.00  sec  1.06 MBytes  8.92 Mbits/sec    0   15.5 KBytes       
[  5]  52.00-53.00  sec  1.03 MBytes  8.67 Mbits/sec    0   15.5 KBytes       
[  5]  53.00-54.00  sec   998 KBytes  8.18 Mbits/sec    0   15.5 KBytes       
[  5]  54.00-55.00  sec  1.00 MBytes  8.39 Mbits/sec    0   15.5 KBytes       
[  5]  55.00-56.00  sec  1.03 MBytes  8.64 Mbits/sec    0   15.5 KBytes       
[  5]  56.00-57.00  sec  1.04 MBytes  8.68 Mbits/sec    0   15.5 KBytes       
[  5]  57.00-58.00  sec  1.06 MBytes  8.93 Mbits/sec    0   15.5 KBytes       
[  5]  58.00-59.00  sec  1.02 MBytes  8.53 Mbits/sec    0   15.5 KBytes       
[  5]  59.00-60.00  sec  1.04 MBytes  8.73 Mbits/sec    0   15.5 KBytes       
- - - - - - - - - - - - - - - - - - - - - - - - -
[ ID] Interval           Transfer     Bitrate         Retr
[  5]   0.00-60.00  sec  60.9 MBytes  8.51 Mbits/sec    2             sender
[  5]   0.00-60.05  sec  60.9 MBytes  8.50 Mbits/sec                  receiver

iperf Done.
