Connecting to host 10.54.192.8, port 5201
[  5] local 10.44.64.18 port 33966 connected to 10.54.192.8 port 5201
[ ID] Interval           Transfer     Bitrate         Retr  Cwnd
[  5]   0.00-1.00   sec  1.70 MBytes  14.2 Mbits/sec    0   25.9 KBytes       
[  5]   1.00-2.00   sec  1.02 MBytes  8.53 Mbits/sec    0   25.9 KBytes       
[  5]   2.00-3.00   sec   989 KBytes  8.10 Mbits/sec    0   25.9 KBytes       
[  5]   3.00-4.00   sec  1015 KBytes  8.31 Mbits/sec    0   25.9 KBytes       
[  5]   4.00-5.00   sec  1006 KBytes  8.24 Mbits/sec    0   25.9 KBytes       
[  5]   5.00-6.00   sec  1.05 MBytes  8.82 Mbits/sec    0   25.9 KBytes       
[  5]   6.00-7.00   sec  1.05 MBytes  8.80 Mbits/sec    0   25.9 KBytes       
[  5]   7.00-8.00   sec  1.04 MBytes  8.75 Mbits/sec    0   25.9 KBytes       
[  5]   8.00-9.00   sec  1.05 MBytes  8.83 Mbits/sec    0   25.9 KBytes       
[  5]   9.00-10.00  sec  1.05 MBytes  8.81 Mbits/sec    0   25.9 KBytes       
[  5]  10.00-11.00  sec  1.05 MBytes  8.79 Mbits/sec    0   25.9 KBytes       
[  5]  11.00-12.00  sec  1.04 MBytes  8.74 Mbits/sec    0   25.9 KBytes       
[  5]  12.00-13.00  sec  1.04 MBytes  8.70 Mbits/sec    0   25.9 KBytes       
[  5]  13.00-14.00  sec   985 KBytes  8.07 Mbits/sec    0   25.9 KBytes       
[  5]  14.00-15.00  sec  1.04 MBytes  8.74 Mbits/sec    0   25.9 KBytes       
[  5]  15.00-16.00  sec  1014 KBytes  8.31 Mbits/sec    0   25.9 KBytes       
[  5]  16.00-17.00  sec  1005 KBytes  8.23 Mbits/sec    0   25.9 KBytes       
[  5]  17.00-18.00  sec  1.04 MBytes  8.70 Mbits/sec    0   25.9 KBytes       
[  5]  18.00-19.00  sec  1016 KBytes  8.33 Mbits/sec    0   25.9 KBytes       
[  5]  19.00-20.00  sec   997 KBytes  8.16 Mbits/sec    0   25.9 KBytes       
[  5]  20.00-21.00  sec  1.00 MBytes  8.40 Mbits/sec    0   25.9 KBytes       
[  5]  21.00-22.00  sec  1016 KBytes  8.32 Mbits/sec    0   25.9 KBytes       
[  5]  22.00-23.00  sec  1.01 MBytes  8.46 Mbits/sec    0   25.9 KBytes       
[  5]  23.00-24.00  sec  1020 KBytes  8.35 Mbits/sec    0   25.9 KBytes       
[  5]  24.00-25.00  sec  1.02 MBytes  8.52 Mbits/sec    0   25.9 KBytes       
[  5]  25.00-26.00  sec   874 KBytes  7.16 Mbits/sec    0   25.9 KBytes       
[  5]  26.00-27.00  sec   957 KBytes  7.84 Mbits/sec    0   25.9 KBytes       
[  5]  27.00-28.00  sec  1.03 MBytes  8.64 Mbits/sec    0   25.9 KBytes       
[  5]  28.00-29.00  sec  1.06 MBytes  8.89 Mbits/sec    0   25.9 KBytes       
[  5]  29.00-30.00  sec  1.05 MBytes  8.85 Mbits/sec    0   25.9 KBytes       
[  5]  30.00-31.00  sec  1.06 MBytes  8.87 Mbits/sec    0   25.9 KBytes       
[  5]  31.00-32.00  sec  1.04 MBytes  8.70 Mbits/sec    0   25.9 KBytes       
[  5]  32.00-33.00  sec   830 KBytes  6.79 Mbits/sec    0   25.9 KBytes       
[  5]  33.00-34.00  sec   459 KBytes  3.77 Mbits/sec    0   25.9 KBytes       
[  5]  34.00-35.00  sec   926 KBytes  7.58 Mbits/sec    0   25.9 KBytes       
[  5]  35.00-36.00  sec  1.05 MBytes  8.78 Mbits/sec    0   25.9 KBytes       
[  5]  36.00-37.00  sec  1.05 MBytes  8.82 Mbits/sec    0   25.9 KBytes       
[  5]  37.00-38.00  sec  1.06 MBytes  8.88 Mbits/sec    0   25.9 KBytes       
[  5]  38.00-39.00  sec  1.06 MBytes  8.87 Mbits/sec    0   25.9 KBytes       
[  5]  39.00-40.00  sec  1002 KBytes  8.21 Mbits/sec    0   25.9 KBytes       
[  5]  40.00-41.00  sec  1.03 MBytes  8.60 Mbits/sec    0   25.9 KBytes       
[  5]  41.00-42.00  sec  1.03 MBytes  8.67 Mbits/sec    0   25.9 KBytes       
[  5]  42.00-43.00  sec  1.02 MBytes  8.58 Mbits/sec    0   25.9 KBytes       
[  5]  43.00-44.00  sec  1.02 MBytes  8.57 Mbits/sec    0   25.9 KBytes       
[  5]  44.00-45.00  sec  1011 KBytes  8.28 Mbits/sec    0   25.9 KBytes       
[  5]  45.00-46.00  sec  1.03 MBytes  8.62 Mbits/sec    0   25.9 KBytes       
[  5]  46.00-47.00  sec  1.01 MBytes  8.45 Mbits/sec    0   25.9 KBytes       
[  5]  47.00-48.00  sec  1.02 MBytes  8.58 Mbits/sec    0   25.9 KBytes       
[  5]  48.00-49.00  sec  1.05 MBytes  8.78 Mbits/sec    0   25.9 KBytes       
[  5]  49.00-50.00  sec  1.04 MBytes  8.68 Mbits/sec    0   25.9 KBytes       
[  5]  50.00-51.00  sec  1.05 MBytes  8.84 Mbits/sec    0   25.9 KBytes       
[  5]  51.00-52.00  sec  1.04 MBytes  8.76 Mbits/sec    0   25.9 KBytes       
[  5]  52.00-53.00  sec  1.02 MBytes  8.58 Mbits/sec    0   25.9 KBytes       
[  5]  53.00-54.00  sec  1019 KBytes  8.34 Mbits/sec    0   25.9 KBytes       
[  5]  54.00-55.00  sec  1018 KBytes  8.34 Mbits/sec    0   25.9 KBytes       
[  5]  55.00-56.00  sec  1.03 MBytes  8.66 Mbits/sec    0   25.9 KBytes       
[  5]  56.00-57.00  sec  1.04 MBytes  8.70 Mbits/sec    0   25.9 KBytes       
[  5]  57.00-58.00  sec  1.05 MBytes  8.83 Mbits/sec    0   25.9 KBytes       
[  5]  58.00-59.00  sec  1.02 MBytes  8.58 Mbits/sec    0   25.9 KBytes       
[  5]  59.00-60.00  sec  1.04 MBytes  8.71 Mbits/sec    0   25.9 KBytes       
- - - - - - - - - - - - - - - - - - - - - - - - -
[ ID] Interval           Transfer     Bitrate         Retr
[  5]   0.00-60.00  sec  60.9 MBytes  8.52 Mbits/sec    0             sender
[  5]   0.00-60.04  sec  60.9 MBytes  8.51 Mbits/sec                  receiver

iperf Done.
