Connecting to host 10.54.192.6, port 5201
[  5] local 10.44.64.13 port 33892 connected to 10.54.192.6 port 5201
[ ID] Interval           Transfer     Bitrate         Retr  Cwnd
[  5]   0.00-1.00   sec   956 KBytes  7.83 Mbits/sec    0   12.9 KBytes       
[  5]   1.00-2.00   sec   939 KBytes  7.69 Mbits/sec    0   12.9 KBytes       
[  5]   2.00-3.00   sec   950 KBytes  7.78 Mbits/sec    0   12.9 KBytes       
[  5]   3.00-4.00   sec   939 KBytes  7.69 Mbits/sec    0   12.9 KBytes       
[  5]   4.00-5.00   sec   952 KBytes  7.80 Mbits/sec    0   12.9 KBytes       
[  5]   5.00-6.00   sec   957 KBytes  7.84 Mbits/sec    0   12.9 KBytes       
[  5]   6.00-7.00   sec   935 KBytes  7.66 Mbits/sec    0   12.9 KBytes       
[  5]   7.00-8.00   sec   936 KBytes  7.67 Mbits/sec    0   12.9 KBytes       
[  5]   8.00-9.00   sec   932 KBytes  7.64 Mbits/sec    0   12.9 KBytes       
[  5]   9.00-10.00  sec   906 KBytes  7.43 Mbits/sec    0   12.9 KBytes       
[  5]  10.00-11.00  sec   936 KBytes  7.67 Mbits/sec    0   12.9 KBytes       
[  5]  11.00-12.00  sec   956 KBytes  7.83 Mbits/sec    0   12.9 KBytes       
[  5]  12.00-13.00  sec   943 KBytes  7.71 Mbits/sec    0   12.9 KBytes       
[  5]  13.00-14.00  sec   932 KBytes  7.64 Mbits/sec    0   12.9 KBytes       
[  5]  14.00-15.00  sec   813 KBytes  6.66 Mbits/sec    1   12.9 KBytes       
[  5]  15.00-16.00  sec   945 KBytes  7.74 Mbits/sec    0   12.9 KBytes       
[  5]  16.00-17.00  sec   826 KBytes  6.77 Mbits/sec    0   12.9 KBytes       
[  5]  17.00-18.00  sec   918 KBytes  7.52 Mbits/sec    0   12.9 KBytes       
[  5]  18.00-19.00  sec   943 KBytes  7.72 Mbits/sec    0   12.9 KBytes       
[  5]  19.00-20.00  sec   932 KBytes  7.64 Mbits/sec    0   12.9 KBytes       
[  5]  20.00-21.00  sec   956 KBytes  7.83 Mbits/sec    0   12.9 KBytes       
[  5]  21.00-22.00  sec   928 KBytes  7.60 Mbits/sec    0   12.9 KBytes       
[  5]  22.00-23.00  sec   949 KBytes  7.77 Mbits/sec    0   12.9 KBytes       
[  5]  23.00-24.00  sec   948 KBytes  7.76 Mbits/sec    0   12.9 KBytes       
[  5]  24.00-25.00  sec   953 KBytes  7.81 Mbits/sec    0   12.9 KBytes       
[  5]  25.00-26.00  sec   948 KBytes  7.76 Mbits/sec    0   12.9 KBytes       
[  5]  26.00-27.00  sec   946 KBytes  7.75 Mbits/sec    0   12.9 KBytes       
[  5]  27.00-28.00  sec   940 KBytes  7.70 Mbits/sec    1   12.9 KBytes       
[  5]  28.00-29.00  sec   952 KBytes  7.80 Mbits/sec    0   12.9 KBytes       
[  5]  29.00-30.00  sec   952 KBytes  7.80 Mbits/sec    0   12.9 KBytes       
[  5]  30.00-31.00  sec   934 KBytes  7.65 Mbits/sec    0   12.9 KBytes       
[  5]  31.00-32.00  sec   953 KBytes  7.81 Mbits/sec    0   12.9 KBytes       
[  5]  32.00-33.00  sec   924 KBytes  7.57 Mbits/sec    0   12.9 KBytes       
[  5]  33.00-34.00  sec   935 KBytes  7.66 Mbits/sec    0   12.9 KBytes       
[  5]  34.00-35.00  sec   871 KBytes  7.14 Mbits/sec    0   12.9 KBytes       
[  5]  35.00-36.00  sec   953 KBytes  7.81 Mbits/sec    0   12.9 KBytes       
[  5]  36.00-37.00  sec   937 KBytes  7.68 Mbits/sec    0   12.9 KBytes       
[  5]  37.00-38.00  sec   935 KBytes  7.66 Mbits/sec    0   12.9 KBytes       
[  5]  38.00-39.00  sec   930 KBytes  7.61 Mbits/sec    0   12.9 KBytes       
[  5]  39.00-40.00  sec   927 KBytes  7.59 Mbits/sec    0   12.9 KBytes       
[  5]  40.00-41.00  sec   948 KBytes  7.76 Mbits/sec    0   12.9 KBytes       
[  5]  41.00-42.00  sec   861 KBytes  7.06 Mbits/sec    0   12.9 KBytes       
[  5]  42.00-43.00  sec   888 KBytes  7.27 Mbits/sec    0   12.9 KBytes       
[  5]  43.00-44.00  sec   923 KBytes  7.56 Mbits/sec    0   12.9 KBytes       
[  5]  44.00-45.00  sec   915 KBytes  7.50 Mbits/sec    0   12.9 KBytes       
[  5]  45.00-46.00  sec   966 KBytes  7.91 Mbits/sec    0   12.9 KBytes       
[  5]  46.00-47.00  sec   954 KBytes  7.82 Mbits/sec    0   12.9 KBytes       
[  5]  47.00-48.00  sec   949 KBytes  7.77 Mbits/sec    0   12.9 KBytes       
[  5]  48.00-49.00  sec   887 KBytes  7.26 Mbits/sec    0   12.9 KBytes       
[  5]  49.00-50.00  sec   897 KBytes  7.35 Mbits/sec    0   12.9 KBytes       
[  5]  50.00-51.00  sec   946 KBytes  7.75 Mbits/sec    0   12.9 KBytes       
[  5]  51.00-52.00  sec   861 KBytes  7.05 Mbits/sec    0   12.9 KBytes       
[  5]  52.00-53.00  sec   874 KBytes  7.16 Mbits/sec    0   12.9 KBytes       
[  5]  53.00-54.00  sec   954 KBytes  7.81 Mbits/sec    0   12.9 KBytes       
[  5]  54.00-55.00  sec   860 KBytes  7.05 Mbits/sec    0   12.9 KBytes       
[  5]  55.00-56.00  sec   884 KBytes  7.25 Mbits/sec    0   12.9 KBytes       
[  5]  56.00-57.00  sec   887 KBytes  7.27 Mbits/sec    0   12.9 KBytes       
[  5]  57.00-58.00  sec   896 KBytes  7.34 Mbits/sec    0   12.9 KBytes       
[  5]  58.00-59.00  sec   905 KBytes  7.42 Mbits/sec    0   12.9 KBytes       
[  5]  59.00-60.00  sec   946 KBytes  7.75 Mbits/sec    0   12.9 KBytes       
- - - - - - - - - - - - - - - - - - - - - - - - -
[ ID] Interval           Transfer     Bitrate         Retr
[  5]   0.00-60.00  sec  54.2 MBytes  7.58 Mbits/sec    2             sender
[  5]   0.00-60.05  sec  54.2 MBytes  7.57 Mbits/sec                  receiver

iperf Done.
