Connecting to host 10.54.192.11, port 5201
[  5] local 10.44.64.21 port 48528 connected to 10.54.192.11 port 5201
[ ID] Interval           Transfer     Bitrate         Retr  Cwnd
[  5]   0.00-1.00   sec  2.62 MBytes  22.0 Mbits/sec    0   67.2 KBytes       
[  5]   1.00-2.00   sec  1018 KBytes  8.33 Mbits/sec    0   67.2 KBytes       
[  5]   2.00-3.00   sec  1.07 MBytes  9.01 Mbits/sec    0   67.2 KBytes       
[  5]   3.00-4.00   sec  1023 KBytes  8.38 Mbits/sec    0   67.2 KBytes       
[  5]   4.00-5.00   sec  1.00 MBytes  8.42 Mbits/sec    0   67.2 KBytes       
[  5]   5.00-6.00   sec  1.09 MBytes  9.14 Mbits/sec    0   67.2 KBytes       
[  5]   6.00-7.00   sec  1.02 MBytes  8.57 Mbits/sec    0   67.2 KBytes       
[  5]   7.00-8.00   sec  1.02 MBytes  8.58 Mbits/sec    0   67.2 KBytes       
[  5]   8.00-9.00   sec   985 KBytes  8.06 Mbits/sec    0   67.2 KBytes       
[  5]   9.00-10.00  sec  1.01 MBytes  8.50 Mbits/sec    0   67.2 KBytes       
[  5]  10.00-11.00  sec  1.03 MBytes  8.68 Mbits/sec    0   67.2 KBytes       
[  5]  11.00-12.00  sec  1.02 MBytes  8.55 Mbits/sec    0   67.2 KBytes       
[  5]  12.00-13.00  sec  1.06 MBytes  8.93 Mbits/sec    0   67.2 KBytes       
[  5]  13.00-14.00  sec  1.00 MBytes  8.41 Mbits/sec    0   67.2 KBytes       
[  5]  14.00-15.00  sec  1.01 MBytes  8.49 Mbits/sec    0   67.2 KBytes       
[  5]  15.00-16.00  sec  1.06 MBytes  8.92 Mbits/sec    0   67.2 KBytes       
[  5]  16.00-17.00  sec  1.00 MBytes  8.40 Mbits/sec    0   67.2 KBytes       
[  5]  17.00-18.00  sec  1.01 MBytes  8.47 Mbits/sec    1   67.2 KBytes       
[  5]  18.00-19.00  sec  1.07 MBytes  8.95 Mbits/sec    0   67.2 KBytes       
[  5]  19.00-20.00  sec  1.01 MBytes  8.43 Mbits/sec    0   67.2 KBytes       
[  5]  20.00-21.00  sec  1.01 MBytes  8.47 Mbits/sec    0   67.2 KBytes       
[  5]  21.00-22.00  sec  1023 KBytes  8.38 Mbits/sec    0   67.2 KBytes       
[  5]  22.00-23.00  sec  1.07 MBytes  8.97 Mbits/sec    0   67.2 KBytes       
[  5]  23.00-24.00  sec  1.01 MBytes  8.44 Mbits/sec    0   67.2 KBytes       
[  5]  24.00-25.00  sec  1023 KBytes  8.38 Mbits/sec    0   67.2 KBytes       
[  5]  25.00-26.00  sec  1.00 MBytes  8.41 Mbits/sec    0   67.2 KBytes       
[  5]  26.00-27.00  sec  1.08 MBytes  9.05 Mbits/sec    0   67.2 KBytes       
[  5]  27.00-28.00  sec  1024 KBytes  8.39 Mbits/sec    0   67.2 KBytes       
[  5]  28.00-29.00  sec  1.07 MBytes  9.00 Mbits/sec    0   67.2 KBytes       
[  5]  29.00-30.00  sec  1.02 MBytes  8.59 Mbits/sec    0   67.2 KBytes       
[  5]  30.00-31.00  sec   966 KBytes  7.91 Mbits/sec    0   67.2 KBytes       
[  5]  31.00-32.00  sec  1.07 MBytes  8.94 Mbits/sec    0   67.2 KBytes       
[  5]  32.00-33.00  sec  1.02 MBytes  8.53 Mbits/sec    0   67.2 KBytes       
[  5]  33.00-34.00  sec  1.00 MBytes  8.42 Mbits/sec    0   67.2 KBytes       
[  5]  34.00-35.00  sec  1.08 MBytes  9.02 Mbits/sec    0   67.2 KBytes       
[  5]  35.00-36.00  sec  1.00 MBytes  8.39 Mbits/sec    0   67.2 KBytes       
[  5]  36.00-37.00  sec  1.07 MBytes  9.01 Mbits/sec    0   67.2 KBytes       
[  5]  37.00-38.00  sec  1.01 MBytes  8.46 Mbits/sec    0   67.2 KBytes       
[  5]  38.00-39.00  sec  1.00 MBytes  8.41 Mbits/sec    0   67.2 KBytes       
[  5]  39.00-40.00  sec  1.02 MBytes  8.60 Mbits/sec    0   67.2 KBytes       
[  5]  40.00-41.00  sec  1.01 MBytes  8.50 Mbits/sec    0   67.2 KBytes       
[  5]  41.00-42.00  sec   981 KBytes  8.04 Mbits/sec    0   67.2 KBytes       
[  5]  42.00-43.00  sec  1.08 MBytes  9.03 Mbits/sec    0   67.2 KBytes       
[  5]  43.00-44.00  sec  1.01 MBytes  8.50 Mbits/sec    0   67.2 KBytes       
[  5]  44.00-45.00  sec  1.02 MBytes  8.55 Mbits/sec    0   67.2 KBytes       
[  5]  45.00-46.00  sec  1.02 MBytes  8.59 Mbits/sec    0   67.2 KBytes       
[  5]  46.00-47.00  sec   991 KBytes  8.12 Mbits/sec    0   67.2 KBytes       
[  5]  47.00-48.00  sec  1.02 MBytes  8.52 Mbits/sec    0   67.2 KBytes       
[  5]  48.00-49.00  sec  1.01 MBytes  8.44 Mbits/sec    0   67.2 KBytes       
[  5]  49.00-50.00  sec  1.01 MBytes  8.47 Mbits/sec    0   67.2 KBytes       
[  5]  50.00-51.00  sec  1021 KBytes  8.36 Mbits/sec    0   67.2 KBytes       
[  5]  51.00-52.00  sec   888 KBytes  7.28 Mbits/sec    0   67.2 KBytes       
[  5]  52.00-53.00  sec  1.01 MBytes  8.48 Mbits/sec    0   67.2 KBytes       
[  5]  53.00-54.00  sec  1.07 MBytes  8.99 Mbits/sec    0   67.2 KBytes       
[  5]  54.00-55.00  sec  1.01 MBytes  8.46 Mbits/sec    0   67.2 KBytes       
[  5]  55.00-56.00  sec   968 KBytes  7.93 Mbits/sec    0   67.2 KBytes       
[  5]  56.00-57.00  sec  1.01 MBytes  8.46 Mbits/sec    0   67.2 KBytes       
[  5]  57.00-58.00  sec   979 KBytes  8.02 Mbits/sec    0   67.2 KBytes       
[  5]  58.00-59.00  sec  1.01 MBytes  8.44 Mbits/sec    0   67.2 KBytes       
[  5]  59.00-60.00  sec  1.01 MBytes  8.48 Mbits/sec    0   67.2 KBytes       
- - - - - - - - - - - - - - - - - - - - - - - - -
[ ID] Interval           Transfer     Bitrate         Retr
[  5]   0.00-60.00  sec  62.5 MBytes  8.74 Mbits/sec    1             sender
[  5]   0.00-60.08  sec  62.5 MBytes  8.73 Mbits/sec                  receiver

iperf Done.
