Connecting to host 10.54.192.11, port 5201
[  5] local 10.44.64.21 port 48310 connected to 10.54.192.11 port 5201
[ ID] Interval           Transfer     Bitrate         Retr  Cwnd
[  5]   0.00-1.00   sec  1.41 MBytes  11.8 Mbits/sec    0   16.8 KBytes       
[  5]   1.00-2.00   sec   983 KBytes  8.05 Mbits/sec    0   16.8 KBytes       
[  5]   2.00-3.00   sec  1003 KBytes  8.22 Mbits/sec    0   16.8 KBytes       
[  5]   3.00-4.00   sec   972 KBytes  7.97 Mbits/sec    0   16.8 KBytes       
[  5]   4.00-5.00   sec  1.01 MBytes  8.50 Mbits/sec    0   16.8 KBytes       
[  5]   5.00-6.00   sec  1.02 MBytes  8.58 Mbits/sec    0   16.8 KBytes       
[  5]   6.00-7.00   sec  1.01 MBytes  8.50 Mbits/sec    0   16.8 KBytes       
[  5]   7.00-8.00   sec  1.02 MBytes  8.56 Mbits/sec    0   16.8 KBytes       
[  5]   8.00-9.00   sec   988 KBytes  8.10 Mbits/sec    0   16.8 KBytes       
[  5]   9.00-10.00  sec   971 KBytes  7.95 Mbits/sec    0   16.8 KBytes       
[  5]  10.00-11.00  sec  1.02 MBytes  8.58 Mbits/sec    0   16.8 KBytes       
[  5]  11.00-12.00  sec  1.03 MBytes  8.61 Mbits/sec    0   16.8 KBytes       
[  5]  12.00-13.00  sec  1.01 MBytes  8.49 Mbits/sec    0   16.8 KBytes       
[  5]  13.00-14.00  sec  1.03 MBytes  8.65 Mbits/sec    0   16.8 KBytes       
[  5]  14.00-15.00  sec   949 KBytes  7.77 Mbits/sec    0   16.8 KBytes       
[  5]  15.00-16.00  sec   877 KBytes  7.18 Mbits/sec    0   16.8 KBytes       
[  5]  16.00-17.00  sec   896 KBytes  7.34 Mbits/sec    0   16.8 KBytes       
[  5]  17.00-18.00  sec   913 KBytes  7.48 Mbits/sec    0   16.8 KBytes       
[  5]  18.00-19.00  sec  1019 KBytes  8.34 Mbits/sec    0   16.8 KBytes       
[  5]  19.00-20.00  sec  1.03 MBytes  8.60 Mbits/sec    0   16.8 KBytes       
[  5]  20.00-21.00  sec  1.01 MBytes  8.48 Mbits/sec    0   16.8 KBytes       
[  5]  21.00-22.00  sec  1.03 MBytes  8.60 Mbits/sec    0   16.8 KBytes       
[  5]  22.00-23.00  sec  1.02 MBytes  8.56 Mbits/sec    0   16.8 KBytes       
[  5]  23.00-24.00  sec  1021 KBytes  8.37 Mbits/sec    0   16.8 KBytes       
[  5]  24.00-25.00  sec   996 KBytes  8.16 Mbits/sec    0   16.8 KBytes       
[  5]  25.00-26.00  sec   853 KBytes  6.98 Mbits/sec    0   16.8 KBytes       
[  5]  26.00-27.00  sec   948 KBytes  7.77 Mbits/sec    0   16.8 KBytes       
[  5]  27.00-28.00  sec  1009 KBytes  8.27 Mbits/sec    0   16.8 KBytes       
[  5]  28.00-29.00  sec  1.00 MBytes  8.41 Mbits/sec    0   16.8 KBytes       
[  5]  29.00-30.00  sec  1.01 MBytes  8.45 Mbits/sec    0   16.8 KBytes       
[  5]  30.00-31.00  sec  1.01 MBytes  8.48 Mbits/sec    0   16.8 KBytes       
[  5]  31.00-32.00  sec   993 KBytes  8.14 Mbits/sec    0   16.8 KBytes       
[  5]  32.00-33.00  sec  1.02 MBytes  8.53 Mbits/sec    0   16.8 KBytes       
[  5]  33.00-34.00  sec   945 KBytes  7.74 Mbits/sec    0   16.8 KBytes       
[  5]  34.00-35.00  sec  1009 KBytes  8.26 Mbits/sec    0   16.8 KBytes       
[  5]  35.00-36.00  sec   937 KBytes  7.68 Mbits/sec    0   16.8 KBytes       
[  5]  36.00-37.00  sec   965 KBytes  7.90 Mbits/sec    0   16.8 KBytes       
[  5]  37.00-38.00  sec   944 KBytes  7.73 Mbits/sec    0   16.8 KBytes       
[  5]  38.00-39.00  sec  1.02 MBytes  8.52 Mbits/sec    0   16.8 KBytes       
[  5]  39.00-40.00  sec   992 KBytes  8.12 Mbits/sec    0   16.8 KBytes       
[  5]  40.00-41.00  sec   941 KBytes  7.71 Mbits/sec    0   16.8 KBytes       
[  5]  41.00-42.00  sec   984 KBytes  8.06 Mbits/sec    0   16.8 KBytes       
[  5]  42.00-43.00  sec  1.02 MBytes  8.53 Mbits/sec    0   16.8 KBytes       
[  5]  43.00-44.00  sec  1.01 MBytes  8.45 Mbits/sec    0   16.8 KBytes       
[  5]  44.00-45.00  sec   997 KBytes  8.17 Mbits/sec    0   16.8 KBytes       
[  5]  45.00-46.00  sec   946 KBytes  7.75 Mbits/sec    0   16.8 KBytes       
[  5]  46.00-47.00  sec  1.02 MBytes  8.52 Mbits/sec    0   16.8 KBytes       
[  5]  47.00-48.00  sec  1.02 MBytes  8.53 Mbits/sec    0   16.8 KBytes       
[  5]  48.00-49.00  sec  1023 KBytes  8.38 Mbits/sec    0   16.8 KBytes       
[  5]  49.00-50.00  sec  1.01 MBytes  8.46 Mbits/sec    0   16.8 KBytes       
[  5]  50.00-51.00  sec  1002 KBytes  8.21 Mbits/sec    0   16.8 KBytes       
[  5]  51.00-52.00  sec  1014 KBytes  8.30 Mbits/sec    0   16.8 KBytes       
[  5]  52.00-53.00  sec   965 KBytes  7.90 Mbits/sec    0   16.8 KBytes       
[  5]  53.00-54.00  sec  1.01 MBytes  8.43 Mbits/sec    0   16.8 KBytes       
[  5]  54.00-55.00  sec  1006 KBytes  8.24 Mbits/sec    0   16.8 KBytes       
[  5]  55.00-56.00  sec  1019 KBytes  8.35 Mbits/sec    0   16.8 KBytes       
[  5]  56.00-57.00  sec  1.02 MBytes  8.54 Mbits/sec    0   16.8 KBytes       
[  5]  57.00-58.00  sec  1005 KBytes  8.23 Mbits/sec    0   16.8 KBytes       
[  5]  58.00-59.00  sec  1.04 MBytes  8.69 Mbits/sec    0   16.8 KBytes       
[  5]  59.00-60.00  sec  1001 KBytes  8.19 Mbits/sec    0   16.8 KBytes       
- - - - - - - - - - - - - - - - - - - - - - - - -
[ ID] Interval           Transfer     Bitrate         Retr
[  5]   0.00-60.00  sec  59.1 MBytes  8.27 Mbits/sec    0             sender
[  5]   0.00-60.05  sec  59.1 MBytes  8.26 Mbits/sec                  receiver

iperf Done.
